0 info it worked if it ends with ok
1 verbose cli [ 'node', '/usr/local/bin/npm', 'install', 'jqurey' ]
2 info using npm@1.4.28
3 info using node@v0.10.32
4 warn package.json comicbookrecorder@0.0.0 No description
5 warn package.json comicbookrecorder@0.0.0 No repository field.
6 warn package.json comicbookrecorder@0.0.0 No README data
7 verbose readDependencies using package.json deps
8 verbose cache add [ 'jqurey', null ]
9 verbose cache add name=undefined spec="jqurey" args=["jqurey",null]
10 verbose parsed url { protocol: null,
10 verbose parsed url   slashes: null,
10 verbose parsed url   auth: null,
10 verbose parsed url   host: null,
10 verbose parsed url   port: null,
10 verbose parsed url   hostname: null,
10 verbose parsed url   hash: null,
10 verbose parsed url   search: null,
10 verbose parsed url   query: null,
10 verbose parsed url   pathname: 'jqurey',
10 verbose parsed url   path: 'jqurey',
10 verbose parsed url   href: 'jqurey' }
11 silly lockFile e82a22b3-jqurey jqurey
12 verbose lock jqurey /Users/jamalmartin/.npm/e82a22b3-jqurey.lock
13 silly lockFile e82a22b3-jqurey jqurey
14 silly lockFile e82a22b3-jqurey jqurey
15 verbose addNamed [ 'jqurey', '' ]
16 verbose addNamed [ null, '*' ]
17 silly lockFile c3fb7fe3-jqurey jqurey@
18 verbose lock jqurey@ /Users/jamalmartin/.npm/c3fb7fe3-jqurey.lock
19 silly addNameRange { name: 'jqurey', range: '*', hasData: false }
20 verbose request where is /jqurey
21 verbose request registry http://registry.npmjs.org/
22 verbose request id 4c026e9dbbd214e8
23 verbose url raw /jqurey
24 verbose url resolving [ 'http://registry.npmjs.org/', './jqurey' ]
25 verbose url resolved http://registry.npmjs.org/jqurey
26 verbose request where is http://registry.npmjs.org/jqurey
27 info trying registry request attempt 1 at 16:14:12
28 http GET http://registry.npmjs.org/jqurey
29 http 404 http://registry.npmjs.org/jqurey
30 verbose headers { server: 'CouchDB/1.5.0 (Erlang OTP/R16B03)',
30 verbose headers   'content-type': 'application/json',
30 verbose headers   'cache-control': 'max-age=0',
30 verbose headers   'content-length': '52',
30 verbose headers   'accept-ranges': 'bytes',
30 verbose headers   date: 'Sat, 22 Nov 2014 23:14:13 GMT',
30 verbose headers   via: '1.1 varnish',
30 verbose headers   age: '0',
30 verbose headers   connection: 'keep-alive',
30 verbose headers   'x-served-by': 'cache-dfw1833-DFW',
30 verbose headers   'x-cache': 'MISS',
30 verbose headers   'x-cache-hits': '0',
30 verbose headers   'x-timer': 'S1416698052.821007,VS0,VE262' }
31 silly registry.get cb [ 404,
31 silly registry.get   { server: 'CouchDB/1.5.0 (Erlang OTP/R16B03)',
31 silly registry.get     'content-type': 'application/json',
31 silly registry.get     'cache-control': 'max-age=0',
31 silly registry.get     'content-length': '52',
31 silly registry.get     'accept-ranges': 'bytes',
31 silly registry.get     date: 'Sat, 22 Nov 2014 23:14:13 GMT',
31 silly registry.get     via: '1.1 varnish',
31 silly registry.get     age: '0',
31 silly registry.get     connection: 'keep-alive',
31 silly registry.get     'x-served-by': 'cache-dfw1833-DFW',
31 silly registry.get     'x-cache': 'MISS',
31 silly registry.get     'x-cache-hits': '0',
31 silly registry.get     'x-timer': 'S1416698052.821007,VS0,VE262' } ]
32 silly lockFile c3fb7fe3-jqurey jqurey@
33 silly lockFile c3fb7fe3-jqurey jqurey@
34 error 404 404 Not Found: jqurey
34 error 404
34 error 404 'jqurey' is not in the npm registry.
34 error 404 You should bug the author to publish it
34 error 404 It was specified as a dependency of 'comicbookrecorder'
34 error 404
34 error 404 Note that you can also install from a
34 error 404 tarball, folder, or http url, or git url.
35 error System Darwin 14.0.0
36 error command "node" "/usr/local/bin/npm" "install" "jqurey"
37 error cwd /Users/jamalmartin/comicrecorder
38 error node -v v0.10.32
39 error npm -v 1.4.28
40 error code E404
41 verbose exit [ 1, true ]
